--- INICIO PROCESSAMENTO ---
Abas encontradas: ['Analítico com Custo', 'CSD']
Aba Analítico selecionada: Analítico com Custo
Aba Preços selecionada: CSD
Processando aba analítico: Analítico com Custo
Cabeçalho encontrado na linha 20
Índices: COD=0, DESC=1, UNID=2, TIPO=-1
Total registros analíticos encontrados: 1
Processando aba preços: CSD
Linha de estados encontrada (10): {2: 'sp', 3: 'rj'}
Dados iniciam na linha 16, Coluna Descrição: 1
Total registros de preços encontrados: 1
--- INICIO PROCESSAMENTO ---
Abas encontradas: ['Analítico com Custo', 'CSD']
Aba Analítico selecionada: Analítico com Custo
Aba Preços selecionada: CSD
Processando aba analítico: Analítico com Custo
Cabeçalho encontrado na linha 20
Índices: COD=0, DESC=1, UNID=2, TIPO=-1
Total registros analíticos encontrados: 1
Processando aba preços: CSD
Linha de estados encontrada (10): {2: 'sp', 3: 'rj'}
Dados iniciam na linha 16, Coluna Descrição: 1
Total registros de preços encontrados: 1
Erro lote composicao: {'code': '42501', 'details': None, 'hint': None, 'message': 'new row violates row-level security policy for table "composicao"'}
Erro lote composicao_estados: {'code': '42501', 'details': None, 'hint': None, 'message': 'new row violates row-level security policy for table "composicao_estados"'}
--- INICIO PROCESSAMENTO ---
Abas encontradas: ['Menu', 'Busca', 'ISD', 'ICD', 'ISE', 'CSD', 'CCD', 'CSE', 'Analítico', 'Analítico com Custo']
Aba Analítico selecionada: Analítico
Aba Preços selecionada: CSD
Processando aba analítico: Analítico
Cabeçalho encontrado na linha 9
Índices: COD=1, DESC=4, UNID=5, TIPO=2
Total registros analíticos encontrados: 10141
Processando aba preços: CSD
Linha de estados encontrada (3): {4: 'ac', 6: 'al', 8: 'am', 10: 'ap', 12: 'ba', 14: 'ce', 16: 'df', 18: 'es', 20: 'go', 22: 'ma', 24: 'mg', 26: 'ms', 28: 'mt', 30: 'pa', 32: 'pb', 34: 'pe', 36: 'pi', 38: 'pr', 40: 'rj', 42: 'rn', 44: 'ro', 46: 'rr', 48: 'rs', 50: 'sc', 52: 'se', 54: 'sp', 56: 'to'}
Dados iniciam na linha 10, Coluna Descrição: 2
Total registros de preços encontrados: 10141
Erro lote composicao: {'code': '42501', 'details': None, 'hint': None, 'message': 'new row violates row-level security policy for table "composicao"'}
Erro lote composicao: {'code': '42501', 'details': None, 'hint': None, 'message': 'new row violates row-level security policy for table "composicao"'}
Erro lote composicao: {'code': '42501', 'details': None, 'hint': None, 'message': 'new row violates row-level security policy for table "composicao"'}
Erro lote composicao: {'code': '42501', 'details': None, 'hint': None, 'message': 'new row violates row-level security policy for table "composicao"'}
Erro lote composicao: {'code': '42501', 'details': None, 'hint': None, 'message': 'new row violates row-level security policy for table "composicao"'}
Erro lote composicao: {'code': '42501', 'details': None, 'hint': None, 'message': 'new row violates row-level security policy for table "composicao"'}
Erro lote composicao: {'code': '42501', 'details': None, 'hint': None, 'message': 'new row violates row-level security policy for table "composicao"'}
Erro lote composicao: {'code': '42501', 'details': None, 'hint': None, 'message': 'new row violates row-level security policy for table "composicao"'}
Erro lote composicao: {'code': '42501', 'details': None, 'hint': None, 'message': 'new row violates row-level security policy for table "composicao"'}
Erro lote composicao: {'code': '42501', 'details': None, 'hint': None, 'message': 'new row violates row-level security policy for table "composicao"'}
Erro lote composicao: {'code': '42501', 'details': None, 'hint': None, 'message': 'new row violates row-level security policy for table "composicao"'}
Erro lote composicao_estados: {'code': '42501', 'details': None, 'hint': None, 'message': 'new row violates row-level security policy for table "composicao_estados"'}
Erro lote composicao_estados: {'code': '42501', 'details': None, 'hint': None, 'message': 'new row violates row-level security policy for table "composicao_estados"'}
Erro lote composicao_estados: {'code': '42501', 'details': None, 'hint': None, 'message': 'new row violates row-level security policy for table "composicao_estados"'}
Erro lote composicao_estados: {'code': '42501', 'details': None, 'hint': None, 'message': 'new row violates row-level security policy for table "composicao_estados"'}
Erro lote composicao_estados: {'code': '42501', 'details': None, 'hint': None, 'message': 'new row violates row-level security policy for table "composicao_estados"'}
Erro lote composicao_estados: {'code': '42501', 'details': None, 'hint': None, 'message': 'new row violates row-level security policy for table "composicao_estados"'}
Erro lote composicao_estados: {'code': '42501', 'details': None, 'hint': None, 'message': 'new row violates row-level security policy for table "composicao_estados"'}
Erro lote composicao_estados: {'code': '42501', 'details': None, 'hint': None, 'message': 'new row violates row-level security policy for table "composicao_estados"'}
Erro lote composicao_estados: {'code': '42501', 'details': None, 'hint': None, 'message': 'new row violates row-level security policy for table "composicao_estados"'}
Erro lote composicao_estados: {'code': '42501', 'details': None, 'hint': None, 'message': 'new row violates row-level security policy for table "composicao_estados"'}
Erro lote composicao_estados: {'code': '42501', 'details': None, 'hint': None, 'message': 'new row violates row-level security policy for table "composicao_estados"'}
--- INICIO PROCESSAMENTO ---
Abas encontradas: ['Menu', 'Busca', 'ISD', 'ICD', 'ISE', 'CSD', 'CCD', 'CSE', 'Analítico', 'Analítico com Custo']
Aba Analítico selecionada: Analítico
Aba Preços selecionada: CSD
Processando aba analítico: Analítico
Cabeçalho encontrado na linha 9
Índices: COD=1, DESC=4, UNID=5, TIPO=2
Total registros analíticos encontrados: 10141
Processando aba preços: CSD
Linha de estados encontrada (3): {4: 'ac', 6: 'al', 8: 'am', 10: 'ap', 12: 'ba', 14: 'ce', 16: 'df', 18: 'es', 20: 'go', 22: 'ma', 24: 'mg', 26: 'ms', 28: 'mt', 30: 'pa', 32: 'pb', 34: 'pe', 36: 'pi', 38: 'pr', 40: 'rj', 42: 'rn', 44: 'ro', 46: 'rr', 48: 'rs', 50: 'sc', 52: 'se', 54: 'sp', 56: 'to'}
Dados iniciam na linha 10, Coluna Descrição: 2
Total registros de preços encontrados: 10141
Erro lote composicao_estados: {'code': '21000', 'details': None, 'hint': 'Ensure that no rows proposed for insertion within the same command have duplicate constrained values.', 'message': 'ON CONFLICT DO UPDATE command cannot affect row a second time'}
Erro lote composicao_estados: {'code': '21000', 'details': None, 'hint': 'Ensure that no rows proposed for insertion within the same command have duplicate constrained values.', 'message': 'ON CONFLICT DO UPDATE command cannot affect row a second time'}
--- INICIO PROCESSAMENTO ---
Abas encontradas: ['Analítico com Custo', 'CSD']
Aba Analítico selecionada: Analítico com Custo
Aba Preços selecionada: CSD
Processando aba analítico: Analítico com Custo
Cabeçalho encontrado na linha 20
Índices: COD=0, DESC=1, UNID=2, TIPO=-1
Total registros analíticos encontrados: 1
Processando aba preços: CSD
Linha de estados encontrada (10): {2: 'sp', 3: 'rj'}
Dados iniciam na linha 16, Coluna Descrição: 1
Total registros de preços encontrados: 1

--- Processando Arquivo (Refatorado) ---
Abas encontradas: ['CSD_MACRO_ABC', 'CCD_OUTRA_COISA', 'CSE_BLABLA', 'MENU']
Abas Preços processadas: ['CSD_MACRO_ABC', 'CCD_OUTRA_COISA', 'CSE_BLABLA']
Metadados: mes_referencia='UNKNOWN' uf='BR' desoneracao='UNKNOWN'

--- Processando Arquivo (Refatorado) ---
Abas encontradas: ['Menu', 'Busca', 'ISD', 'ICD', 'ISE', 'CSD', 'CCD', 'CSE', 'Analítico', 'Analítico com Custo']
Abas Preços processadas: ['CSD', 'CCD', 'CSE']
Metadados: mes_referencia='12/2025' uf='BR' desoneracao='UNKNOWN'
